app/build/outputs/logs/manifest-merger-debug-report.txt
-- Merging decision tree log ---
manifest
ADDED from src\main\AndroidManifest.xml:1:1-35:12
	package
		ADDED from src\main\AndroidManifest.xml:2:5-60
		INJECTED from src\main\AndroidManifest.xml
		INJECTED from src\main\AndroidManifest.xml
	android:versionName
		INJECTED from src\main\AndroidManifest.xml
		INJECTED from src\main\AndroidManifest.xml
	xmlns:android
		ADDED from src\main\AndroidManifest.xml:1:11-69
	android:versionCode
		INJECTED from src\main\AndroidManifest.xml
		INJECTED from src\main\AndroidManifest.xml
uses-permission#android.permission.INTERNET
ADDED from src\main\AndroidManifest.xml:4:5-67
MERGED from [com.google.android.gms:play-services-maps:7.5.0] AndroidManifest.xml:21:5-66
	android:name
		ADDED from src\main\AndroidManifest.xml:4:22-64
uses-permission#android.permission.CAMERA
ADDED from src\main\AndroidManifest.xml:5:5-65
	android:name
		ADDED from src\main\AndroidManifest.xml:5:22-62
uses-permission#android.permission.ACCESS_WIFI_STATE
ADDED from src\main\AndroidManifest.xml:6:5-76
	android:name
		ADDED from src\main\AndroidManifest.xml:6:22-73
uses-permission#android.permission.ACCESS_NETWORK_STATE
ADDED from src\main\AndroidManifest.xml:7:5-79
MERGED from [com.google.android.gms:play-services-maps:7.5.0] AndroidManifest.xml:20:5-78
	android:name
		ADDED from src\main\AndroidManifest.xml:7:22-76
uses-permission#android.permission.CHANGE_WIFI_STATE
ADDED from src\main\AndroidManifest.xml:8:5-76
	android:name
		ADDED from src\main\AndroidManifest.xml:8:22-73
uses-permission#android.permission.ACCESS_FINE_LOCATION
ADDED from src\main\AndroidManifest.xml:9:5-78
	android:name
		ADDED from src\main\AndroidManifest.xml:9:22-76
uses-permission#android.permission.BLUETOOTH
ADDED from src\main\AndroidManifest.xml:10:5-68
	android:name
		ADDED from src\main\AndroidManifest.xml:10:22-65
uses-permission#android.permission.NFC
ADDED from src\main\AndroidManifest.xml:11:5-61
	android:name
		ADDED from src\main\AndroidManifest.xml:11:22-59
uses-feature#android.hardware.camera
ADDED from src\main\AndroidManifest.xml:12:5-60
	android:name
		ADDED from src\main\AndroidManifest.xml:12:19-57
application
ADDED from src\main\AndroidManifest.xml:14:5-34:19
MERGED from [com.android.support:cardview-v7:22.2.1] AndroidManifest.xml:22:5-20
MERGED from [com.android.support:appcompat-v7:22.2.1] AndroidManifest.xml:22:5-20
MERGED from [com.android.support:support-v4:22.2.1] AndroidManifest.xml:22:5-20
MERGED from [com.google.android.gms:play-services-location:7.5.0] AndroidManifest.xml:19:5-20
MERGED from [com.google.android.gms:play-services-base:7.5.0] AndroidManifest.xml:20:5-24:19
MERGED from [com.google.android.gms:play-services-maps:7.5.0] AndroidManifest.xml:29:5-20
	android:label
		ADDED from src\main\AndroidManifest.xml:14:45-77
	android:allowBackup
		ADDED from src\main\AndroidManifest.xml:14:18-44
	android:icon
		ADDED from src\main\AndroidManifest.xml:15:9-43
	android:theme
		ADDED from src\main\AndroidManifest.xml:15:44-83
activity#com.amazonaws.devicefarm.android.referenceapp.Activities.MainActivity
ADDED from src\main\AndroidManifest.xml:16:9-25:20
	android:screenOrientation
		ADDED from src\main\AndroidManifest.xml:20:13-49
	android:label
		ADDED from src\main\AndroidManifest.xml:18:13-45
	android:launchMode
		ADDED from src\main\AndroidManifest.xml:19:13-43
	android:name
		ADDED from src\main\AndroidManifest.xml:17:13-97
intent-filter#android.intent.action.MAIN+android.intent.category.LAUNCHER
ADDED from src\main\AndroidManifest.xml:21:13-24:29
action#android.intent.action.MAIN
ADDED from src\main\AndroidManifest.xml:22:17-68
	android:name
		ADDED from src\main\AndroidManifest.xml:22:25-66
category#android.intent.category.LAUNCHER
ADDED from src\main\AndroidManifest.xml:23:17-76
	android:name
		ADDED from src\main\AndroidManifest.xml:23:27-74
activity#com.amazonaws.devicefarm.android.referenceapp.Activities.BackNavigationActivity
ADDED from src\main\AndroidManifest.xml:26:9-31:20
	android:name
		ADDED from src\main\AndroidManifest.xml:26:19-113
meta-data#android.support.PARENT_ACTIVITY
ADDED from src\main\AndroidManifest.xml:27:13-30:19
	android:value
		ADDED from src\main\AndroidManifest.xml:29:17-102
	android:name
		ADDED from src\main\AndroidManifest.xml:28:17-63
activity#com.amazonaws.devicefarm.android.referenceapp.Activities.UpNavigationActivity
ADDED from src\main\AndroidManifest.xml:32:9-113
	android:name
		ADDED from src\main\AndroidManifest.xml:32:19-111
activity#com.amazonaws.devicefarm.android.referenceapp.Activities.UpNavigationContent
ADDED from src\main\AndroidManifest.xml:33:9-112
	android:name
		ADDED from src\main\AndroidManifest.xml:33:19-110
uses-sdk
INJECTED from src\main\AndroidManifest.xml reason: use-sdk injection requested
MERGED from [com.android.support:cardview-v7:22.2.1] AndroidManifest.xml:20:5-43
MERGED from [com.android.support:appcompat-v7:22.2.1] AndroidManifest.xml:20:5-43
MERGED from [com.android.support:support-v4:22.2.1] AndroidManifest.xml:20:5-43
MERGED from [com.android.support:recyclerview-v7:22.2.0] AndroidManifest.xml:20:5-43
MERGED from [com.google.android.gms:play-services-location:7.5.0] AndroidManifest.xml:18:5-42
MERGED from [com.google.android.gms:play-services-base:7.5.0] AndroidManifest.xml:18:5-42
MERGED from [com.google.android.gms:play-services-maps:7.5.0] AndroidManifest.xml:28:5-42
	android:targetSdkVersion
		INJECTED from src\main\AndroidManifest.xml
		INJECTED from src\main\AndroidManifest.xml
	android:minSdkVersion
		INJECTED from src\main\AndroidManifest.xml
		INJECTED from src\main\AndroidManifest.xml
meta-data#com.google.android.gms.version
ADDED from [com.google.android.gms:play-services-base:7.5.0] AndroidManifest.xml:21:9-23:69
	android:value
		ADDED from [com.google.android.gms:play-services-base:7.5.0] AndroidManifest.xml:23:13-66
	android:name
		ADDED from [com.google.android.gms:play-services-base:7.5.0] AndroidManifest.xml:22:13-58
uses-permission#android.permission.WRITE_EXTERNAL_STORAGE
ADDED from [com.google.android.gms:play-services-maps:7.5.0] AndroidManifest.xml:22:5-80
	android:name
		ADDED from [com.google.android.gms:play-services-maps:7.5.0] AndroidManifest.xml:22:22-78
uses-permission#android.permission.ACCESS_COARSE_LOCATION
ADDED from [com.google.android.gms:play-services-maps:7.5.0] AndroidManifest.xml:23:5-80
	android:name
		ADDED from [com.google.android.gms:play-services-maps:7.5.0] AndroidManifest.xml:23:22-78
uses-feature#0x00020000
ADDED from [com.google.android.gms:play-services-maps:7.5.0] AndroidManifest.xml:24:5-26:33
	android:glEsVersion
		ADDED from [com.google.android.gms:play-services-maps:7.5.0] AndroidManifest.xml:25:8-40
	android:required
		ADDED from [com.google.android.gms:play-services-maps:7.5.0] AndroidManifest.xml:26:8-31
android:uses-permission#android.permission.READ_EXTERNAL_STORAGE
IMPLIED from src\main\AndroidManifest.xml:1:1-35:12 reason: com.google.android.gms.maps requested WRITE_EXTERNAL_STORAGE